ARM GAS  C:\Users\Jakob\AppData\Local\Temp\ccqkL5Z2.s 			page 1


   1              		.cpu cortex-m4
   2              		.arch armv7e-m
   3              		.fpu fpv4-sp-d16
   4              		.eabi_attribute 27, 1
   5              		.eabi_attribute 28, 1
   6              		.eabi_attribute 20, 1
   7              		.eabi_attribute 21, 1
   8              		.eabi_attribute 23, 3
   9              		.eabi_attribute 24, 1
  10              		.eabi_attribute 25, 1
  11              		.eabi_attribute 26, 1
  12              		.eabi_attribute 30, 1
  13              		.eabi_attribute 34, 1
  14              		.eabi_attribute 18, 4
  15              		.file	"stm32l4xx_hal_msp.c"
  16              		.text
  17              	.Ltext0:
  18              		.cfi_sections	.debug_frame
  19              		.file 1 "Core/Src/stm32l4xx_hal_msp.c"
  20              		.section	.text.HAL_MspInit,"ax",%progbits
  21              		.align	1
  22              		.global	HAL_MspInit
  23              		.syntax unified
  24              		.thumb
  25              		.thumb_func
  27              	HAL_MspInit:
  28              	.LFB132:
   1:Core/Src/stm32l4xx_hal_msp.c **** /* USER CODE BEGIN Header */
   2:Core/Src/stm32l4xx_hal_msp.c **** /**
   3:Core/Src/stm32l4xx_hal_msp.c ****   ******************************************************************************
   4:Core/Src/stm32l4xx_hal_msp.c ****   * @file         stm32l4xx_hal_msp.c
   5:Core/Src/stm32l4xx_hal_msp.c ****   * @brief        This file provides code for the MSP Initialization
   6:Core/Src/stm32l4xx_hal_msp.c ****   *               and de-Initialization codes.
   7:Core/Src/stm32l4xx_hal_msp.c ****   ******************************************************************************
   8:Core/Src/stm32l4xx_hal_msp.c ****   * @attention
   9:Core/Src/stm32l4xx_hal_msp.c ****   *
  10:Core/Src/stm32l4xx_hal_msp.c ****   * Copyright (c) 2024 STMicroelectronics.
  11:Core/Src/stm32l4xx_hal_msp.c ****   * All rights reserved.
  12:Core/Src/stm32l4xx_hal_msp.c ****   *
  13:Core/Src/stm32l4xx_hal_msp.c ****   * This software is licensed under terms that can be found in the LICENSE file
  14:Core/Src/stm32l4xx_hal_msp.c ****   * in the root directory of this software component.
  15:Core/Src/stm32l4xx_hal_msp.c ****   * If no LICENSE file comes with this software, it is provided AS-IS.
  16:Core/Src/stm32l4xx_hal_msp.c ****   *
  17:Core/Src/stm32l4xx_hal_msp.c ****   ******************************************************************************
  18:Core/Src/stm32l4xx_hal_msp.c ****   */
  19:Core/Src/stm32l4xx_hal_msp.c **** /* USER CODE END Header */
  20:Core/Src/stm32l4xx_hal_msp.c **** 
  21:Core/Src/stm32l4xx_hal_msp.c **** /* Includes ------------------------------------------------------------------*/
  22:Core/Src/stm32l4xx_hal_msp.c **** #include "main.h"
  23:Core/Src/stm32l4xx_hal_msp.c **** 
  24:Core/Src/stm32l4xx_hal_msp.c **** /* USER CODE BEGIN Includes */
  25:Core/Src/stm32l4xx_hal_msp.c **** 
  26:Core/Src/stm32l4xx_hal_msp.c **** /* USER CODE END Includes */
  27:Core/Src/stm32l4xx_hal_msp.c **** 
  28:Core/Src/stm32l4xx_hal_msp.c **** /* Private typedef -----------------------------------------------------------*/
  29:Core/Src/stm32l4xx_hal_msp.c **** /* USER CODE BEGIN TD */
  30:Core/Src/stm32l4xx_hal_msp.c **** 
ARM GAS  C:\Users\Jakob\AppData\Local\Temp\ccqkL5Z2.s 			page 2


  31:Core/Src/stm32l4xx_hal_msp.c **** /* USER CODE END TD */
  32:Core/Src/stm32l4xx_hal_msp.c **** 
  33:Core/Src/stm32l4xx_hal_msp.c **** /* Private define ------------------------------------------------------------*/
  34:Core/Src/stm32l4xx_hal_msp.c **** /* USER CODE BEGIN Define */
  35:Core/Src/stm32l4xx_hal_msp.c **** 
  36:Core/Src/stm32l4xx_hal_msp.c **** /* USER CODE END Define */
  37:Core/Src/stm32l4xx_hal_msp.c **** 
  38:Core/Src/stm32l4xx_hal_msp.c **** /* Private macro -------------------------------------------------------------*/
  39:Core/Src/stm32l4xx_hal_msp.c **** /* USER CODE BEGIN Macro */
  40:Core/Src/stm32l4xx_hal_msp.c **** 
  41:Core/Src/stm32l4xx_hal_msp.c **** /* USER CODE END Macro */
  42:Core/Src/stm32l4xx_hal_msp.c **** 
  43:Core/Src/stm32l4xx_hal_msp.c **** /* Private variables ---------------------------------------------------------*/
  44:Core/Src/stm32l4xx_hal_msp.c **** /* USER CODE BEGIN PV */
  45:Core/Src/stm32l4xx_hal_msp.c **** 
  46:Core/Src/stm32l4xx_hal_msp.c **** /* USER CODE END PV */
  47:Core/Src/stm32l4xx_hal_msp.c **** 
  48:Core/Src/stm32l4xx_hal_msp.c **** /* Private function prototypes -----------------------------------------------*/
  49:Core/Src/stm32l4xx_hal_msp.c **** /* USER CODE BEGIN PFP */
  50:Core/Src/stm32l4xx_hal_msp.c **** 
  51:Core/Src/stm32l4xx_hal_msp.c **** /* USER CODE END PFP */
  52:Core/Src/stm32l4xx_hal_msp.c **** 
  53:Core/Src/stm32l4xx_hal_msp.c **** /* External functions --------------------------------------------------------*/
  54:Core/Src/stm32l4xx_hal_msp.c **** /* USER CODE BEGIN ExternalFunctions */
  55:Core/Src/stm32l4xx_hal_msp.c **** 
  56:Core/Src/stm32l4xx_hal_msp.c **** /* USER CODE END ExternalFunctions */
  57:Core/Src/stm32l4xx_hal_msp.c **** 
  58:Core/Src/stm32l4xx_hal_msp.c **** /* USER CODE BEGIN 0 */
  59:Core/Src/stm32l4xx_hal_msp.c **** 
  60:Core/Src/stm32l4xx_hal_msp.c **** /* USER CODE END 0 */
  61:Core/Src/stm32l4xx_hal_msp.c **** /**
  62:Core/Src/stm32l4xx_hal_msp.c ****   * Initializes the Global MSP.
  63:Core/Src/stm32l4xx_hal_msp.c ****   */
  64:Core/Src/stm32l4xx_hal_msp.c **** void HAL_MspInit(void)
  65:Core/Src/stm32l4xx_hal_msp.c **** {
  29              		.loc 1 65 1 view -0
  30              		.cfi_startproc
  31              		@ args = 0, pretend = 0, frame = 8
  32              		@ frame_needed = 0, uses_anonymous_args = 0
  33 0000 00B5     		push	{lr}
  34              	.LCFI0:
  35              		.cfi_def_cfa_offset 4
  36              		.cfi_offset 14, -4
  37 0002 83B0     		sub	sp, sp, #12
  38              	.LCFI1:
  39              		.cfi_def_cfa_offset 16
  66:Core/Src/stm32l4xx_hal_msp.c ****   /* USER CODE BEGIN MspInit 0 */
  67:Core/Src/stm32l4xx_hal_msp.c **** 
  68:Core/Src/stm32l4xx_hal_msp.c ****   /* USER CODE END MspInit 0 */
  69:Core/Src/stm32l4xx_hal_msp.c **** 
  70:Core/Src/stm32l4xx_hal_msp.c ****   __HAL_RCC_SYSCFG_CLK_ENABLE();
  40              		.loc 1 70 3 view .LVU1
  41              	.LBB2:
  42              		.loc 1 70 3 view .LVU2
  43              		.loc 1 70 3 view .LVU3
  44 0004 0D4B     		ldr	r3, .L3
  45 0006 1A6E     		ldr	r2, [r3, #96]
ARM GAS  C:\Users\Jakob\AppData\Local\Temp\ccqkL5Z2.s 			page 3


  46 0008 42F00102 		orr	r2, r2, #1
  47 000c 1A66     		str	r2, [r3, #96]
  48              		.loc 1 70 3 view .LVU4
  49 000e 1A6E     		ldr	r2, [r3, #96]
  50 0010 02F00102 		and	r2, r2, #1
  51 0014 0092     		str	r2, [sp]
  52              		.loc 1 70 3 view .LVU5
  53 0016 009A     		ldr	r2, [sp]
  54              	.LBE2:
  55              		.loc 1 70 3 view .LVU6
  71:Core/Src/stm32l4xx_hal_msp.c ****   __HAL_RCC_PWR_CLK_ENABLE();
  56              		.loc 1 71 3 view .LVU7
  57              	.LBB3:
  58              		.loc 1 71 3 view .LVU8
  59              		.loc 1 71 3 view .LVU9
  60 0018 9A6D     		ldr	r2, [r3, #88]
  61 001a 42F08052 		orr	r2, r2, #268435456
  62 001e 9A65     		str	r2, [r3, #88]
  63              		.loc 1 71 3 view .LVU10
  64 0020 9B6D     		ldr	r3, [r3, #88]
  65 0022 03F08053 		and	r3, r3, #268435456
  66 0026 0193     		str	r3, [sp, #4]
  67              		.loc 1 71 3 view .LVU11
  68 0028 019B     		ldr	r3, [sp, #4]
  69              	.LBE3:
  70              		.loc 1 71 3 view .LVU12
  72:Core/Src/stm32l4xx_hal_msp.c **** 
  73:Core/Src/stm32l4xx_hal_msp.c ****   /* System interrupt init*/
  74:Core/Src/stm32l4xx_hal_msp.c ****   /* PendSV_IRQn interrupt configuration */
  75:Core/Src/stm32l4xx_hal_msp.c ****   HAL_NVIC_SetPriority(PendSV_IRQn, 15, 0);
  71              		.loc 1 75 3 view .LVU13
  72 002a 0022     		movs	r2, #0
  73 002c 0F21     		movs	r1, #15
  74 002e 6FF00100 		mvn	r0, #1
  75 0032 FFF7FEFF 		bl	HAL_NVIC_SetPriority
  76              	.LVL0:
  76:Core/Src/stm32l4xx_hal_msp.c **** 
  77:Core/Src/stm32l4xx_hal_msp.c ****   /* USER CODE BEGIN MspInit 1 */
  78:Core/Src/stm32l4xx_hal_msp.c **** 
  79:Core/Src/stm32l4xx_hal_msp.c ****   /* USER CODE END MspInit 1 */
  80:Core/Src/stm32l4xx_hal_msp.c **** }
  77              		.loc 1 80 1 is_stmt 0 view .LVU14
  78 0036 03B0     		add	sp, sp, #12
  79              	.LCFI2:
  80              		.cfi_def_cfa_offset 4
  81              		@ sp needed
  82 0038 5DF804FB 		ldr	pc, [sp], #4
  83              	.L4:
  84              		.align	2
  85              	.L3:
  86 003c 00100240 		.word	1073876992
  87              		.cfi_endproc
  88              	.LFE132:
  90              		.section	.text.HAL_SPI_MspInit,"ax",%progbits
  91              		.align	1
  92              		.global	HAL_SPI_MspInit
  93              		.syntax unified
ARM GAS  C:\Users\Jakob\AppData\Local\Temp\ccqkL5Z2.s 			page 4


  94              		.thumb
  95              		.thumb_func
  97              	HAL_SPI_MspInit:
  98              	.LVL1:
  99              	.LFB133:
  81:Core/Src/stm32l4xx_hal_msp.c **** 
  82:Core/Src/stm32l4xx_hal_msp.c **** /**
  83:Core/Src/stm32l4xx_hal_msp.c **** * @brief SPI MSP Initialization
  84:Core/Src/stm32l4xx_hal_msp.c **** * This function configures the hardware resources used in this example
  85:Core/Src/stm32l4xx_hal_msp.c **** * @param hspi: SPI handle pointer
  86:Core/Src/stm32l4xx_hal_msp.c **** * @retval None
  87:Core/Src/stm32l4xx_hal_msp.c **** */
  88:Core/Src/stm32l4xx_hal_msp.c **** void HAL_SPI_MspInit(SPI_HandleTypeDef* hspi)
  89:Core/Src/stm32l4xx_hal_msp.c **** {
 100              		.loc 1 89 1 is_stmt 1 view -0
 101              		.cfi_startproc
 102              		@ args = 0, pretend = 0, frame = 32
 103              		@ frame_needed = 0, uses_anonymous_args = 0
 104              		.loc 1 89 1 is_stmt 0 view .LVU16
 105 0000 00B5     		push	{lr}
 106              	.LCFI3:
 107              		.cfi_def_cfa_offset 4
 108              		.cfi_offset 14, -4
 109 0002 89B0     		sub	sp, sp, #36
 110              	.LCFI4:
 111              		.cfi_def_cfa_offset 40
  90:Core/Src/stm32l4xx_hal_msp.c ****   GPIO_InitTypeDef GPIO_InitStruct = {0};
 112              		.loc 1 90 3 is_stmt 1 view .LVU17
 113              		.loc 1 90 20 is_stmt 0 view .LVU18
 114 0004 0023     		movs	r3, #0
 115 0006 0393     		str	r3, [sp, #12]
 116 0008 0493     		str	r3, [sp, #16]
 117 000a 0593     		str	r3, [sp, #20]
 118 000c 0693     		str	r3, [sp, #24]
 119 000e 0793     		str	r3, [sp, #28]
  91:Core/Src/stm32l4xx_hal_msp.c ****   if(hspi->Instance==SPI1)
 120              		.loc 1 91 3 is_stmt 1 view .LVU19
 121              		.loc 1 91 10 is_stmt 0 view .LVU20
 122 0010 0268     		ldr	r2, [r0]
 123              		.loc 1 91 5 view .LVU21
 124 0012 134B     		ldr	r3, .L9
 125 0014 9A42     		cmp	r2, r3
 126 0016 02D0     		beq	.L8
 127              	.LVL2:
 128              	.L5:
  92:Core/Src/stm32l4xx_hal_msp.c ****   {
  93:Core/Src/stm32l4xx_hal_msp.c ****   /* USER CODE BEGIN SPI1_MspInit 0 */
  94:Core/Src/stm32l4xx_hal_msp.c **** 
  95:Core/Src/stm32l4xx_hal_msp.c ****   /* USER CODE END SPI1_MspInit 0 */
  96:Core/Src/stm32l4xx_hal_msp.c ****     /* Peripheral clock enable */
  97:Core/Src/stm32l4xx_hal_msp.c ****     __HAL_RCC_SPI1_CLK_ENABLE();
  98:Core/Src/stm32l4xx_hal_msp.c **** 
  99:Core/Src/stm32l4xx_hal_msp.c ****     __HAL_RCC_GPIOB_CLK_ENABLE();
 100:Core/Src/stm32l4xx_hal_msp.c ****     /**SPI1 GPIO Configuration
 101:Core/Src/stm32l4xx_hal_msp.c ****     PB3 (JTDO-TRACESWO)     ------> SPI1_SCK
 102:Core/Src/stm32l4xx_hal_msp.c ****     PB4 (NJTRST)     ------> SPI1_MISO
 103:Core/Src/stm32l4xx_hal_msp.c ****     PB5     ------> SPI1_MOSI
ARM GAS  C:\Users\Jakob\AppData\Local\Temp\ccqkL5Z2.s 			page 5


 104:Core/Src/stm32l4xx_hal_msp.c ****     */
 105:Core/Src/stm32l4xx_hal_msp.c ****     GPIO_InitStruct.Pin = GPIO_PIN_3|GPIO_PIN_4|GPIO_PIN_5;
 106:Core/Src/stm32l4xx_hal_msp.c ****     GPIO_InitStruct.Mode = GPIO_MODE_AF_PP;
 107:Core/Src/stm32l4xx_hal_msp.c ****     GPIO_InitStruct.Pull = GPIO_NOPULL;
 108:Core/Src/stm32l4xx_hal_msp.c ****     GPIO_InitStruct.Speed = GPIO_SPEED_FREQ_VERY_HIGH;
 109:Core/Src/stm32l4xx_hal_msp.c ****     GPIO_InitStruct.Alternate = GPIO_AF5_SPI1;
 110:Core/Src/stm32l4xx_hal_msp.c ****     HAL_GPIO_Init(GPIOB, &GPIO_InitStruct);
 111:Core/Src/stm32l4xx_hal_msp.c **** 
 112:Core/Src/stm32l4xx_hal_msp.c ****   /* USER CODE BEGIN SPI1_MspInit 1 */
 113:Core/Src/stm32l4xx_hal_msp.c **** 
 114:Core/Src/stm32l4xx_hal_msp.c ****   /* USER CODE END SPI1_MspInit 1 */
 115:Core/Src/stm32l4xx_hal_msp.c ****   }
 116:Core/Src/stm32l4xx_hal_msp.c **** 
 117:Core/Src/stm32l4xx_hal_msp.c **** }
 129              		.loc 1 117 1 view .LVU22
 130 0018 09B0     		add	sp, sp, #36
 131              	.LCFI5:
 132              		.cfi_remember_state
 133              		.cfi_def_cfa_offset 4
 134              		@ sp needed
 135 001a 5DF804FB 		ldr	pc, [sp], #4
 136              	.LVL3:
 137              	.L8:
 138              	.LCFI6:
 139              		.cfi_restore_state
  97:Core/Src/stm32l4xx_hal_msp.c **** 
 140              		.loc 1 97 5 is_stmt 1 view .LVU23
 141              	.LBB4:
  97:Core/Src/stm32l4xx_hal_msp.c **** 
 142              		.loc 1 97 5 view .LVU24
  97:Core/Src/stm32l4xx_hal_msp.c **** 
 143              		.loc 1 97 5 view .LVU25
 144 001e 03F56043 		add	r3, r3, #57344
 145 0022 1A6E     		ldr	r2, [r3, #96]
 146 0024 42F48052 		orr	r2, r2, #4096
 147 0028 1A66     		str	r2, [r3, #96]
  97:Core/Src/stm32l4xx_hal_msp.c **** 
 148              		.loc 1 97 5 view .LVU26
 149 002a 1A6E     		ldr	r2, [r3, #96]
 150 002c 02F48052 		and	r2, r2, #4096
 151 0030 0192     		str	r2, [sp, #4]
  97:Core/Src/stm32l4xx_hal_msp.c **** 
 152              		.loc 1 97 5 view .LVU27
 153 0032 019A     		ldr	r2, [sp, #4]
 154              	.LBE4:
  97:Core/Src/stm32l4xx_hal_msp.c **** 
 155              		.loc 1 97 5 view .LVU28
  99:Core/Src/stm32l4xx_hal_msp.c ****     /**SPI1 GPIO Configuration
 156              		.loc 1 99 5 view .LVU29
 157              	.LBB5:
  99:Core/Src/stm32l4xx_hal_msp.c ****     /**SPI1 GPIO Configuration
 158              		.loc 1 99 5 view .LVU30
  99:Core/Src/stm32l4xx_hal_msp.c ****     /**SPI1 GPIO Configuration
 159              		.loc 1 99 5 view .LVU31
 160 0034 DA6C     		ldr	r2, [r3, #76]
 161 0036 42F00202 		orr	r2, r2, #2
 162 003a DA64     		str	r2, [r3, #76]
ARM GAS  C:\Users\Jakob\AppData\Local\Temp\ccqkL5Z2.s 			page 6


  99:Core/Src/stm32l4xx_hal_msp.c ****     /**SPI1 GPIO Configuration
 163              		.loc 1 99 5 view .LVU32
 164 003c DB6C     		ldr	r3, [r3, #76]
 165 003e 03F00203 		and	r3, r3, #2
 166 0042 0293     		str	r3, [sp, #8]
  99:Core/Src/stm32l4xx_hal_msp.c ****     /**SPI1 GPIO Configuration
 167              		.loc 1 99 5 view .LVU33
 168 0044 029B     		ldr	r3, [sp, #8]
 169              	.LBE5:
  99:Core/Src/stm32l4xx_hal_msp.c ****     /**SPI1 GPIO Configuration
 170              		.loc 1 99 5 view .LVU34
 105:Core/Src/stm32l4xx_hal_msp.c ****     GPIO_InitStruct.Mode = GPIO_MODE_AF_PP;
 171              		.loc 1 105 5 view .LVU35
 105:Core/Src/stm32l4xx_hal_msp.c ****     GPIO_InitStruct.Mode = GPIO_MODE_AF_PP;
 172              		.loc 1 105 25 is_stmt 0 view .LVU36
 173 0046 3823     		movs	r3, #56
 174 0048 0393     		str	r3, [sp, #12]
 106:Core/Src/stm32l4xx_hal_msp.c ****     GPIO_InitStruct.Pull = GPIO_NOPULL;
 175              		.loc 1 106 5 is_stmt 1 view .LVU37
 106:Core/Src/stm32l4xx_hal_msp.c ****     GPIO_InitStruct.Pull = GPIO_NOPULL;
 176              		.loc 1 106 26 is_stmt 0 view .LVU38
 177 004a 0223     		movs	r3, #2
 178 004c 0493     		str	r3, [sp, #16]
 107:Core/Src/stm32l4xx_hal_msp.c ****     GPIO_InitStruct.Speed = GPIO_SPEED_FREQ_VERY_HIGH;
 179              		.loc 1 107 5 is_stmt 1 view .LVU39
 108:Core/Src/stm32l4xx_hal_msp.c ****     GPIO_InitStruct.Alternate = GPIO_AF5_SPI1;
 180              		.loc 1 108 5 view .LVU40
 108:Core/Src/stm32l4xx_hal_msp.c ****     GPIO_InitStruct.Alternate = GPIO_AF5_SPI1;
 181              		.loc 1 108 27 is_stmt 0 view .LVU41
 182 004e 0323     		movs	r3, #3
 183 0050 0693     		str	r3, [sp, #24]
 109:Core/Src/stm32l4xx_hal_msp.c ****     HAL_GPIO_Init(GPIOB, &GPIO_InitStruct);
 184              		.loc 1 109 5 is_stmt 1 view .LVU42
 109:Core/Src/stm32l4xx_hal_msp.c ****     HAL_GPIO_Init(GPIOB, &GPIO_InitStruct);
 185              		.loc 1 109 31 is_stmt 0 view .LVU43
 186 0052 0523     		movs	r3, #5
 187 0054 0793     		str	r3, [sp, #28]
 110:Core/Src/stm32l4xx_hal_msp.c **** 
 188              		.loc 1 110 5 is_stmt 1 view .LVU44
 189 0056 03A9     		add	r1, sp, #12
 190 0058 0248     		ldr	r0, .L9+4
 191              	.LVL4:
 110:Core/Src/stm32l4xx_hal_msp.c **** 
 192              		.loc 1 110 5 is_stmt 0 view .LVU45
 193 005a FFF7FEFF 		bl	HAL_GPIO_Init
 194              	.LVL5:
 195              		.loc 1 117 1 view .LVU46
 196 005e DBE7     		b	.L5
 197              	.L10:
 198              		.align	2
 199              	.L9:
 200 0060 00300140 		.word	1073819648
 201 0064 00040048 		.word	1207960576
 202              		.cfi_endproc
 203              	.LFE133:
 205              		.section	.text.HAL_SPI_MspDeInit,"ax",%progbits
 206              		.align	1
ARM GAS  C:\Users\Jakob\AppData\Local\Temp\ccqkL5Z2.s 			page 7


 207              		.global	HAL_SPI_MspDeInit
 208              		.syntax unified
 209              		.thumb
 210              		.thumb_func
 212              	HAL_SPI_MspDeInit:
 213              	.LVL6:
 214              	.LFB134:
 118:Core/Src/stm32l4xx_hal_msp.c **** 
 119:Core/Src/stm32l4xx_hal_msp.c **** /**
 120:Core/Src/stm32l4xx_hal_msp.c **** * @brief SPI MSP De-Initialization
 121:Core/Src/stm32l4xx_hal_msp.c **** * This function freeze the hardware resources used in this example
 122:Core/Src/stm32l4xx_hal_msp.c **** * @param hspi: SPI handle pointer
 123:Core/Src/stm32l4xx_hal_msp.c **** * @retval None
 124:Core/Src/stm32l4xx_hal_msp.c **** */
 125:Core/Src/stm32l4xx_hal_msp.c **** void HAL_SPI_MspDeInit(SPI_HandleTypeDef* hspi)
 126:Core/Src/stm32l4xx_hal_msp.c **** {
 215              		.loc 1 126 1 is_stmt 1 view -0
 216              		.cfi_startproc
 217              		@ args = 0, pretend = 0, frame = 0
 218              		@ frame_needed = 0, uses_anonymous_args = 0
 219              		.loc 1 126 1 is_stmt 0 view .LVU48
 220 0000 08B5     		push	{r3, lr}
 221              	.LCFI7:
 222              		.cfi_def_cfa_offset 8
 223              		.cfi_offset 3, -8
 224              		.cfi_offset 14, -4
 127:Core/Src/stm32l4xx_hal_msp.c ****   if(hspi->Instance==SPI1)
 225              		.loc 1 127 3 is_stmt 1 view .LVU49
 226              		.loc 1 127 10 is_stmt 0 view .LVU50
 227 0002 0268     		ldr	r2, [r0]
 228              		.loc 1 127 5 view .LVU51
 229 0004 064B     		ldr	r3, .L15
 230 0006 9A42     		cmp	r2, r3
 231 0008 00D0     		beq	.L14
 232              	.LVL7:
 233              	.L11:
 128:Core/Src/stm32l4xx_hal_msp.c ****   {
 129:Core/Src/stm32l4xx_hal_msp.c ****   /* USER CODE BEGIN SPI1_MspDeInit 0 */
 130:Core/Src/stm32l4xx_hal_msp.c **** 
 131:Core/Src/stm32l4xx_hal_msp.c ****   /* USER CODE END SPI1_MspDeInit 0 */
 132:Core/Src/stm32l4xx_hal_msp.c ****     /* Peripheral clock disable */
 133:Core/Src/stm32l4xx_hal_msp.c ****     __HAL_RCC_SPI1_CLK_DISABLE();
 134:Core/Src/stm32l4xx_hal_msp.c **** 
 135:Core/Src/stm32l4xx_hal_msp.c ****     /**SPI1 GPIO Configuration
 136:Core/Src/stm32l4xx_hal_msp.c ****     PB3 (JTDO-TRACESWO)     ------> SPI1_SCK
 137:Core/Src/stm32l4xx_hal_msp.c ****     PB4 (NJTRST)     ------> SPI1_MISO
 138:Core/Src/stm32l4xx_hal_msp.c ****     PB5     ------> SPI1_MOSI
 139:Core/Src/stm32l4xx_hal_msp.c ****     */
 140:Core/Src/stm32l4xx_hal_msp.c ****     HAL_GPIO_DeInit(GPIOB, GPIO_PIN_3|GPIO_PIN_4|GPIO_PIN_5);
 141:Core/Src/stm32l4xx_hal_msp.c **** 
 142:Core/Src/stm32l4xx_hal_msp.c ****   /* USER CODE BEGIN SPI1_MspDeInit 1 */
 143:Core/Src/stm32l4xx_hal_msp.c **** 
 144:Core/Src/stm32l4xx_hal_msp.c ****   /* USER CODE END SPI1_MspDeInit 1 */
 145:Core/Src/stm32l4xx_hal_msp.c ****   }
 146:Core/Src/stm32l4xx_hal_msp.c **** 
 147:Core/Src/stm32l4xx_hal_msp.c **** }
 234              		.loc 1 147 1 view .LVU52
ARM GAS  C:\Users\Jakob\AppData\Local\Temp\ccqkL5Z2.s 			page 8


 235 000a 08BD     		pop	{r3, pc}
 236              	.LVL8:
 237              	.L14:
 133:Core/Src/stm32l4xx_hal_msp.c **** 
 238              		.loc 1 133 5 is_stmt 1 view .LVU53
 239 000c 054A     		ldr	r2, .L15+4
 240 000e 136E     		ldr	r3, [r2, #96]
 241 0010 23F48053 		bic	r3, r3, #4096
 242 0014 1366     		str	r3, [r2, #96]
 140:Core/Src/stm32l4xx_hal_msp.c **** 
 243              		.loc 1 140 5 view .LVU54
 244 0016 3821     		movs	r1, #56
 245 0018 0348     		ldr	r0, .L15+8
 246              	.LVL9:
 140:Core/Src/stm32l4xx_hal_msp.c **** 
 247              		.loc 1 140 5 is_stmt 0 view .LVU55
 248 001a FFF7FEFF 		bl	HAL_GPIO_DeInit
 249              	.LVL10:
 250              		.loc 1 147 1 view .LVU56
 251 001e F4E7     		b	.L11
 252              	.L16:
 253              		.align	2
 254              	.L15:
 255 0020 00300140 		.word	1073819648
 256 0024 00100240 		.word	1073876992
 257 0028 00040048 		.word	1207960576
 258              		.cfi_endproc
 259              	.LFE134:
 261              		.section	.text.HAL_UART_MspInit,"ax",%progbits
 262              		.align	1
 263              		.global	HAL_UART_MspInit
 264              		.syntax unified
 265              		.thumb
 266              		.thumb_func
 268              	HAL_UART_MspInit:
 269              	.LVL11:
 270              	.LFB135:
 148:Core/Src/stm32l4xx_hal_msp.c **** 
 149:Core/Src/stm32l4xx_hal_msp.c **** /**
 150:Core/Src/stm32l4xx_hal_msp.c **** * @brief UART MSP Initialization
 151:Core/Src/stm32l4xx_hal_msp.c **** * This function configures the hardware resources used in this example
 152:Core/Src/stm32l4xx_hal_msp.c **** * @param huart: UART handle pointer
 153:Core/Src/stm32l4xx_hal_msp.c **** * @retval None
 154:Core/Src/stm32l4xx_hal_msp.c **** */
 155:Core/Src/stm32l4xx_hal_msp.c **** void HAL_UART_MspInit(UART_HandleTypeDef* huart)
 156:Core/Src/stm32l4xx_hal_msp.c **** {
 271              		.loc 1 156 1 is_stmt 1 view -0
 272              		.cfi_startproc
 273              		@ args = 0, pretend = 0, frame = 112
 274              		@ frame_needed = 0, uses_anonymous_args = 0
 275              		.loc 1 156 1 is_stmt 0 view .LVU58
 276 0000 70B5     		push	{r4, r5, r6, lr}
 277              	.LCFI8:
 278              		.cfi_def_cfa_offset 16
 279              		.cfi_offset 4, -16
 280              		.cfi_offset 5, -12
 281              		.cfi_offset 6, -8
ARM GAS  C:\Users\Jakob\AppData\Local\Temp\ccqkL5Z2.s 			page 9


 282              		.cfi_offset 14, -4
 283 0002 9CB0     		sub	sp, sp, #112
 284              	.LCFI9:
 285              		.cfi_def_cfa_offset 128
 286 0004 0446     		mov	r4, r0
 157:Core/Src/stm32l4xx_hal_msp.c ****   GPIO_InitTypeDef GPIO_InitStruct = {0};
 287              		.loc 1 157 3 is_stmt 1 view .LVU59
 288              		.loc 1 157 20 is_stmt 0 view .LVU60
 289 0006 0021     		movs	r1, #0
 290 0008 1791     		str	r1, [sp, #92]
 291 000a 1891     		str	r1, [sp, #96]
 292 000c 1991     		str	r1, [sp, #100]
 293 000e 1A91     		str	r1, [sp, #104]
 294 0010 1B91     		str	r1, [sp, #108]
 158:Core/Src/stm32l4xx_hal_msp.c ****   RCC_PeriphCLKInitTypeDef PeriphClkInit = {0};
 295              		.loc 1 158 3 is_stmt 1 view .LVU61
 296              		.loc 1 158 28 is_stmt 0 view .LVU62
 297 0012 5422     		movs	r2, #84
 298 0014 02A8     		add	r0, sp, #8
 299              	.LVL12:
 300              		.loc 1 158 28 view .LVU63
 301 0016 FFF7FEFF 		bl	memset
 302              	.LVL13:
 159:Core/Src/stm32l4xx_hal_msp.c ****   if(huart->Instance==USART2)
 303              		.loc 1 159 3 is_stmt 1 view .LVU64
 304              		.loc 1 159 11 is_stmt 0 view .LVU65
 305 001a 2268     		ldr	r2, [r4]
 306              		.loc 1 159 5 view .LVU66
 307 001c 1E4B     		ldr	r3, .L23
 308 001e 9A42     		cmp	r2, r3
 309 0020 01D0     		beq	.L21
 310              	.LVL14:
 311              	.L17:
 160:Core/Src/stm32l4xx_hal_msp.c ****   {
 161:Core/Src/stm32l4xx_hal_msp.c ****   /* USER CODE BEGIN USART2_MspInit 0 */
 162:Core/Src/stm32l4xx_hal_msp.c **** 
 163:Core/Src/stm32l4xx_hal_msp.c ****   /* USER CODE END USART2_MspInit 0 */
 164:Core/Src/stm32l4xx_hal_msp.c **** 
 165:Core/Src/stm32l4xx_hal_msp.c ****   /** Initializes the peripherals clock
 166:Core/Src/stm32l4xx_hal_msp.c ****   */
 167:Core/Src/stm32l4xx_hal_msp.c ****     PeriphClkInit.PeriphClockSelection = RCC_PERIPHCLK_USART2;
 168:Core/Src/stm32l4xx_hal_msp.c ****     PeriphClkInit.Usart2ClockSelection = RCC_USART2CLKSOURCE_PCLK1;
 169:Core/Src/stm32l4xx_hal_msp.c ****     if (HAL_RCCEx_PeriphCLKConfig(&PeriphClkInit) != HAL_OK)
 170:Core/Src/stm32l4xx_hal_msp.c ****     {
 171:Core/Src/stm32l4xx_hal_msp.c ****       Error_Handler();
 172:Core/Src/stm32l4xx_hal_msp.c ****     }
 173:Core/Src/stm32l4xx_hal_msp.c **** 
 174:Core/Src/stm32l4xx_hal_msp.c ****     /* Peripheral clock enable */
 175:Core/Src/stm32l4xx_hal_msp.c ****     __HAL_RCC_USART2_CLK_ENABLE();
 176:Core/Src/stm32l4xx_hal_msp.c **** 
 177:Core/Src/stm32l4xx_hal_msp.c ****     __HAL_RCC_GPIOA_CLK_ENABLE();
 178:Core/Src/stm32l4xx_hal_msp.c ****     /**USART2 GPIO Configuration
 179:Core/Src/stm32l4xx_hal_msp.c ****     PA2     ------> USART2_TX
 180:Core/Src/stm32l4xx_hal_msp.c ****     PA15 (JTDI)     ------> USART2_RX
 181:Core/Src/stm32l4xx_hal_msp.c ****     */
 182:Core/Src/stm32l4xx_hal_msp.c ****     GPIO_InitStruct.Pin = VCP_TX_Pin;
 183:Core/Src/stm32l4xx_hal_msp.c ****     GPIO_InitStruct.Mode = GPIO_MODE_AF_PP;
ARM GAS  C:\Users\Jakob\AppData\Local\Temp\ccqkL5Z2.s 			page 10


 184:Core/Src/stm32l4xx_hal_msp.c ****     GPIO_InitStruct.Pull = GPIO_NOPULL;
 185:Core/Src/stm32l4xx_hal_msp.c ****     GPIO_InitStruct.Speed = GPIO_SPEED_FREQ_VERY_HIGH;
 186:Core/Src/stm32l4xx_hal_msp.c ****     GPIO_InitStruct.Alternate = GPIO_AF7_USART2;
 187:Core/Src/stm32l4xx_hal_msp.c ****     HAL_GPIO_Init(VCP_TX_GPIO_Port, &GPIO_InitStruct);
 188:Core/Src/stm32l4xx_hal_msp.c **** 
 189:Core/Src/stm32l4xx_hal_msp.c ****     GPIO_InitStruct.Pin = VCP_RX_Pin;
 190:Core/Src/stm32l4xx_hal_msp.c ****     GPIO_InitStruct.Mode = GPIO_MODE_AF_PP;
 191:Core/Src/stm32l4xx_hal_msp.c ****     GPIO_InitStruct.Pull = GPIO_NOPULL;
 192:Core/Src/stm32l4xx_hal_msp.c ****     GPIO_InitStruct.Speed = GPIO_SPEED_FREQ_VERY_HIGH;
 193:Core/Src/stm32l4xx_hal_msp.c ****     GPIO_InitStruct.Alternate = GPIO_AF3_USART2;
 194:Core/Src/stm32l4xx_hal_msp.c ****     HAL_GPIO_Init(VCP_RX_GPIO_Port, &GPIO_InitStruct);
 195:Core/Src/stm32l4xx_hal_msp.c **** 
 196:Core/Src/stm32l4xx_hal_msp.c ****   /* USER CODE BEGIN USART2_MspInit 1 */
 197:Core/Src/stm32l4xx_hal_msp.c **** 
 198:Core/Src/stm32l4xx_hal_msp.c ****   /* USER CODE END USART2_MspInit 1 */
 199:Core/Src/stm32l4xx_hal_msp.c ****   }
 200:Core/Src/stm32l4xx_hal_msp.c **** 
 201:Core/Src/stm32l4xx_hal_msp.c **** }
 312              		.loc 1 201 1 view .LVU67
 313 0022 1CB0     		add	sp, sp, #112
 314              	.LCFI10:
 315              		.cfi_remember_state
 316              		.cfi_def_cfa_offset 16
 317              		@ sp needed
 318 0024 70BD     		pop	{r4, r5, r6, pc}
 319              	.LVL15:
 320              	.L21:
 321              	.LCFI11:
 322              		.cfi_restore_state
 167:Core/Src/stm32l4xx_hal_msp.c ****     PeriphClkInit.Usart2ClockSelection = RCC_USART2CLKSOURCE_PCLK1;
 323              		.loc 1 167 5 is_stmt 1 view .LVU68
 167:Core/Src/stm32l4xx_hal_msp.c ****     PeriphClkInit.Usart2ClockSelection = RCC_USART2CLKSOURCE_PCLK1;
 324              		.loc 1 167 40 is_stmt 0 view .LVU69
 325 0026 0223     		movs	r3, #2
 326 0028 0293     		str	r3, [sp, #8]
 168:Core/Src/stm32l4xx_hal_msp.c ****     if (HAL_RCCEx_PeriphCLKConfig(&PeriphClkInit) != HAL_OK)
 327              		.loc 1 168 5 is_stmt 1 view .LVU70
 169:Core/Src/stm32l4xx_hal_msp.c ****     {
 328              		.loc 1 169 5 view .LVU71
 169:Core/Src/stm32l4xx_hal_msp.c ****     {
 329              		.loc 1 169 9 is_stmt 0 view .LVU72
 330 002a 02A8     		add	r0, sp, #8
 331 002c FFF7FEFF 		bl	HAL_RCCEx_PeriphCLKConfig
 332              	.LVL16:
 169:Core/Src/stm32l4xx_hal_msp.c ****     {
 333              		.loc 1 169 8 discriminator 1 view .LVU73
 334 0030 0028     		cmp	r0, #0
 335 0032 2ED1     		bne	.L22
 336              	.L19:
 175:Core/Src/stm32l4xx_hal_msp.c **** 
 337              		.loc 1 175 5 is_stmt 1 view .LVU74
 338              	.LBB6:
 175:Core/Src/stm32l4xx_hal_msp.c **** 
 339              		.loc 1 175 5 view .LVU75
 175:Core/Src/stm32l4xx_hal_msp.c **** 
 340              		.loc 1 175 5 view .LVU76
 341 0034 194B     		ldr	r3, .L23+4
ARM GAS  C:\Users\Jakob\AppData\Local\Temp\ccqkL5Z2.s 			page 11


 342 0036 9A6D     		ldr	r2, [r3, #88]
 343 0038 42F40032 		orr	r2, r2, #131072
 344 003c 9A65     		str	r2, [r3, #88]
 175:Core/Src/stm32l4xx_hal_msp.c **** 
 345              		.loc 1 175 5 view .LVU77
 346 003e 9A6D     		ldr	r2, [r3, #88]
 347 0040 02F40032 		and	r2, r2, #131072
 348 0044 0092     		str	r2, [sp]
 175:Core/Src/stm32l4xx_hal_msp.c **** 
 349              		.loc 1 175 5 view .LVU78
 350 0046 009A     		ldr	r2, [sp]
 351              	.LBE6:
 175:Core/Src/stm32l4xx_hal_msp.c **** 
 352              		.loc 1 175 5 view .LVU79
 177:Core/Src/stm32l4xx_hal_msp.c ****     /**USART2 GPIO Configuration
 353              		.loc 1 177 5 view .LVU80
 354              	.LBB7:
 177:Core/Src/stm32l4xx_hal_msp.c ****     /**USART2 GPIO Configuration
 355              		.loc 1 177 5 view .LVU81
 177:Core/Src/stm32l4xx_hal_msp.c ****     /**USART2 GPIO Configuration
 356              		.loc 1 177 5 view .LVU82
 357 0048 DA6C     		ldr	r2, [r3, #76]
 358 004a 42F00102 		orr	r2, r2, #1
 359 004e DA64     		str	r2, [r3, #76]
 177:Core/Src/stm32l4xx_hal_msp.c ****     /**USART2 GPIO Configuration
 360              		.loc 1 177 5 view .LVU83
 361 0050 DB6C     		ldr	r3, [r3, #76]
 362 0052 03F00103 		and	r3, r3, #1
 363 0056 0193     		str	r3, [sp, #4]
 177:Core/Src/stm32l4xx_hal_msp.c ****     /**USART2 GPIO Configuration
 364              		.loc 1 177 5 view .LVU84
 365 0058 019B     		ldr	r3, [sp, #4]
 366              	.LBE7:
 177:Core/Src/stm32l4xx_hal_msp.c ****     /**USART2 GPIO Configuration
 367              		.loc 1 177 5 view .LVU85
 182:Core/Src/stm32l4xx_hal_msp.c ****     GPIO_InitStruct.Mode = GPIO_MODE_AF_PP;
 368              		.loc 1 182 5 view .LVU86
 182:Core/Src/stm32l4xx_hal_msp.c ****     GPIO_InitStruct.Mode = GPIO_MODE_AF_PP;
 369              		.loc 1 182 25 is_stmt 0 view .LVU87
 370 005a 0423     		movs	r3, #4
 371 005c 1793     		str	r3, [sp, #92]
 183:Core/Src/stm32l4xx_hal_msp.c ****     GPIO_InitStruct.Pull = GPIO_NOPULL;
 372              		.loc 1 183 5 is_stmt 1 view .LVU88
 183:Core/Src/stm32l4xx_hal_msp.c ****     GPIO_InitStruct.Pull = GPIO_NOPULL;
 373              		.loc 1 183 26 is_stmt 0 view .LVU89
 374 005e 0226     		movs	r6, #2
 375 0060 1896     		str	r6, [sp, #96]
 184:Core/Src/stm32l4xx_hal_msp.c ****     GPIO_InitStruct.Speed = GPIO_SPEED_FREQ_VERY_HIGH;
 376              		.loc 1 184 5 is_stmt 1 view .LVU90
 184:Core/Src/stm32l4xx_hal_msp.c ****     GPIO_InitStruct.Speed = GPIO_SPEED_FREQ_VERY_HIGH;
 377              		.loc 1 184 26 is_stmt 0 view .LVU91
 378 0062 0025     		movs	r5, #0
 379 0064 1995     		str	r5, [sp, #100]
 185:Core/Src/stm32l4xx_hal_msp.c ****     GPIO_InitStruct.Alternate = GPIO_AF7_USART2;
 380              		.loc 1 185 5 is_stmt 1 view .LVU92
 185:Core/Src/stm32l4xx_hal_msp.c ****     GPIO_InitStruct.Alternate = GPIO_AF7_USART2;
 381              		.loc 1 185 27 is_stmt 0 view .LVU93
ARM GAS  C:\Users\Jakob\AppData\Local\Temp\ccqkL5Z2.s 			page 12


 382 0066 0324     		movs	r4, #3
 383              	.LVL17:
 185:Core/Src/stm32l4xx_hal_msp.c ****     GPIO_InitStruct.Alternate = GPIO_AF7_USART2;
 384              		.loc 1 185 27 view .LVU94
 385 0068 1A94     		str	r4, [sp, #104]
 186:Core/Src/stm32l4xx_hal_msp.c ****     HAL_GPIO_Init(VCP_TX_GPIO_Port, &GPIO_InitStruct);
 386              		.loc 1 186 5 is_stmt 1 view .LVU95
 186:Core/Src/stm32l4xx_hal_msp.c ****     HAL_GPIO_Init(VCP_TX_GPIO_Port, &GPIO_InitStruct);
 387              		.loc 1 186 31 is_stmt 0 view .LVU96
 388 006a 0723     		movs	r3, #7
 389 006c 1B93     		str	r3, [sp, #108]
 187:Core/Src/stm32l4xx_hal_msp.c **** 
 390              		.loc 1 187 5 is_stmt 1 view .LVU97
 391 006e 17A9     		add	r1, sp, #92
 392 0070 4FF09040 		mov	r0, #1207959552
 393 0074 FFF7FEFF 		bl	HAL_GPIO_Init
 394              	.LVL18:
 189:Core/Src/stm32l4xx_hal_msp.c ****     GPIO_InitStruct.Mode = GPIO_MODE_AF_PP;
 395              		.loc 1 189 5 view .LVU98
 189:Core/Src/stm32l4xx_hal_msp.c ****     GPIO_InitStruct.Mode = GPIO_MODE_AF_PP;
 396              		.loc 1 189 25 is_stmt 0 view .LVU99
 397 0078 4FF40043 		mov	r3, #32768
 398 007c 1793     		str	r3, [sp, #92]
 190:Core/Src/stm32l4xx_hal_msp.c ****     GPIO_InitStruct.Pull = GPIO_NOPULL;
 399              		.loc 1 190 5 is_stmt 1 view .LVU100
 190:Core/Src/stm32l4xx_hal_msp.c ****     GPIO_InitStruct.Pull = GPIO_NOPULL;
 400              		.loc 1 190 26 is_stmt 0 view .LVU101
 401 007e 1896     		str	r6, [sp, #96]
 191:Core/Src/stm32l4xx_hal_msp.c ****     GPIO_InitStruct.Speed = GPIO_SPEED_FREQ_VERY_HIGH;
 402              		.loc 1 191 5 is_stmt 1 view .LVU102
 191:Core/Src/stm32l4xx_hal_msp.c ****     GPIO_InitStruct.Speed = GPIO_SPEED_FREQ_VERY_HIGH;
 403              		.loc 1 191 26 is_stmt 0 view .LVU103
 404 0080 1995     		str	r5, [sp, #100]
 192:Core/Src/stm32l4xx_hal_msp.c ****     GPIO_InitStruct.Alternate = GPIO_AF3_USART2;
 405              		.loc 1 192 5 is_stmt 1 view .LVU104
 192:Core/Src/stm32l4xx_hal_msp.c ****     GPIO_InitStruct.Alternate = GPIO_AF3_USART2;
 406              		.loc 1 192 27 is_stmt 0 view .LVU105
 407 0082 1A94     		str	r4, [sp, #104]
 193:Core/Src/stm32l4xx_hal_msp.c ****     HAL_GPIO_Init(VCP_RX_GPIO_Port, &GPIO_InitStruct);
 408              		.loc 1 193 5 is_stmt 1 view .LVU106
 193:Core/Src/stm32l4xx_hal_msp.c ****     HAL_GPIO_Init(VCP_RX_GPIO_Port, &GPIO_InitStruct);
 409              		.loc 1 193 31 is_stmt 0 view .LVU107
 410 0084 1B94     		str	r4, [sp, #108]
 194:Core/Src/stm32l4xx_hal_msp.c **** 
 411              		.loc 1 194 5 is_stmt 1 view .LVU108
 412 0086 17A9     		add	r1, sp, #92
 413 0088 4FF09040 		mov	r0, #1207959552
 414 008c FFF7FEFF 		bl	HAL_GPIO_Init
 415              	.LVL19:
 416              		.loc 1 201 1 is_stmt 0 view .LVU109
 417 0090 C7E7     		b	.L17
 418              	.LVL20:
 419              	.L22:
 171:Core/Src/stm32l4xx_hal_msp.c ****     }
 420              		.loc 1 171 7 is_stmt 1 view .LVU110
 421 0092 FFF7FEFF 		bl	Error_Handler
 422              	.LVL21:
ARM GAS  C:\Users\Jakob\AppData\Local\Temp\ccqkL5Z2.s 			page 13


 423 0096 CDE7     		b	.L19
 424              	.L24:
 425              		.align	2
 426              	.L23:
 427 0098 00440040 		.word	1073759232
 428 009c 00100240 		.word	1073876992
 429              		.cfi_endproc
 430              	.LFE135:
 432              		.section	.text.HAL_UART_MspDeInit,"ax",%progbits
 433              		.align	1
 434              		.global	HAL_UART_MspDeInit
 435              		.syntax unified
 436              		.thumb
 437              		.thumb_func
 439              	HAL_UART_MspDeInit:
 440              	.LVL22:
 441              	.LFB136:
 202:Core/Src/stm32l4xx_hal_msp.c **** 
 203:Core/Src/stm32l4xx_hal_msp.c **** /**
 204:Core/Src/stm32l4xx_hal_msp.c **** * @brief UART MSP De-Initialization
 205:Core/Src/stm32l4xx_hal_msp.c **** * This function freeze the hardware resources used in this example
 206:Core/Src/stm32l4xx_hal_msp.c **** * @param huart: UART handle pointer
 207:Core/Src/stm32l4xx_hal_msp.c **** * @retval None
 208:Core/Src/stm32l4xx_hal_msp.c **** */
 209:Core/Src/stm32l4xx_hal_msp.c **** void HAL_UART_MspDeInit(UART_HandleTypeDef* huart)
 210:Core/Src/stm32l4xx_hal_msp.c **** {
 442              		.loc 1 210 1 view -0
 443              		.cfi_startproc
 444              		@ args = 0, pretend = 0, frame = 0
 445              		@ frame_needed = 0, uses_anonymous_args = 0
 446              		.loc 1 210 1 is_stmt 0 view .LVU112
 447 0000 08B5     		push	{r3, lr}
 448              	.LCFI12:
 449              		.cfi_def_cfa_offset 8
 450              		.cfi_offset 3, -8
 451              		.cfi_offset 14, -4
 211:Core/Src/stm32l4xx_hal_msp.c ****   if(huart->Instance==USART2)
 452              		.loc 1 211 3 is_stmt 1 view .LVU113
 453              		.loc 1 211 11 is_stmt 0 view .LVU114
 454 0002 0268     		ldr	r2, [r0]
 455              		.loc 1 211 5 view .LVU115
 456 0004 074B     		ldr	r3, .L29
 457 0006 9A42     		cmp	r2, r3
 458 0008 00D0     		beq	.L28
 459              	.LVL23:
 460              	.L25:
 212:Core/Src/stm32l4xx_hal_msp.c ****   {
 213:Core/Src/stm32l4xx_hal_msp.c ****   /* USER CODE BEGIN USART2_MspDeInit 0 */
 214:Core/Src/stm32l4xx_hal_msp.c **** 
 215:Core/Src/stm32l4xx_hal_msp.c ****   /* USER CODE END USART2_MspDeInit 0 */
 216:Core/Src/stm32l4xx_hal_msp.c ****     /* Peripheral clock disable */
 217:Core/Src/stm32l4xx_hal_msp.c ****     __HAL_RCC_USART2_CLK_DISABLE();
 218:Core/Src/stm32l4xx_hal_msp.c **** 
 219:Core/Src/stm32l4xx_hal_msp.c ****     /**USART2 GPIO Configuration
 220:Core/Src/stm32l4xx_hal_msp.c ****     PA2     ------> USART2_TX
 221:Core/Src/stm32l4xx_hal_msp.c ****     PA15 (JTDI)     ------> USART2_RX
 222:Core/Src/stm32l4xx_hal_msp.c ****     */
ARM GAS  C:\Users\Jakob\AppData\Local\Temp\ccqkL5Z2.s 			page 14


 223:Core/Src/stm32l4xx_hal_msp.c ****     HAL_GPIO_DeInit(GPIOA, VCP_TX_Pin|VCP_RX_Pin);
 224:Core/Src/stm32l4xx_hal_msp.c **** 
 225:Core/Src/stm32l4xx_hal_msp.c ****   /* USER CODE BEGIN USART2_MspDeInit 1 */
 226:Core/Src/stm32l4xx_hal_msp.c **** 
 227:Core/Src/stm32l4xx_hal_msp.c ****   /* USER CODE END USART2_MspDeInit 1 */
 228:Core/Src/stm32l4xx_hal_msp.c ****   }
 229:Core/Src/stm32l4xx_hal_msp.c **** 
 230:Core/Src/stm32l4xx_hal_msp.c **** }
 461              		.loc 1 230 1 view .LVU116
 462 000a 08BD     		pop	{r3, pc}
 463              	.LVL24:
 464              	.L28:
 217:Core/Src/stm32l4xx_hal_msp.c **** 
 465              		.loc 1 217 5 is_stmt 1 view .LVU117
 466 000c 064A     		ldr	r2, .L29+4
 467 000e 936D     		ldr	r3, [r2, #88]
 468 0010 23F40033 		bic	r3, r3, #131072
 469 0014 9365     		str	r3, [r2, #88]
 223:Core/Src/stm32l4xx_hal_msp.c **** 
 470              		.loc 1 223 5 view .LVU118
 471 0016 48F20401 		movw	r1, #32772
 472 001a 4FF09040 		mov	r0, #1207959552
 473              	.LVL25:
 223:Core/Src/stm32l4xx_hal_msp.c **** 
 474              		.loc 1 223 5 is_stmt 0 view .LVU119
 475 001e FFF7FEFF 		bl	HAL_GPIO_DeInit
 476              	.LVL26:
 477              		.loc 1 230 1 view .LVU120
 478 0022 F2E7     		b	.L25
 479              	.L30:
 480              		.align	2
 481              	.L29:
 482 0024 00440040 		.word	1073759232
 483 0028 00100240 		.word	1073876992
 484              		.cfi_endproc
 485              	.LFE136:
 487              		.text
 488              	.Letext0:
 489              		.file 2 "Drivers/CMSIS/Device/ST/STM32L4xx/Include/stm32l432xx.h"
 490              		.file 3 "C:/Program Files (x86)/Arm GNU Toolchain arm-none-eabi/13.2 Rel1/arm-none-eabi/include/ma
 491              		.file 4 "C:/Program Files (x86)/Arm GNU Toolchain arm-none-eabi/13.2 Rel1/arm-none-eabi/include/sy
 492              		.file 5 "Drivers/STM32L4xx_HAL_Driver/Inc/stm32l4xx_hal_def.h"
 493              		.file 6 "Drivers/STM32L4xx_HAL_Driver/Inc/stm32l4xx_hal_rcc_ex.h"
 494              		.file 7 "Drivers/STM32L4xx_HAL_Driver/Inc/stm32l4xx_hal_gpio.h"
 495              		.file 8 "Drivers/STM32L4xx_HAL_Driver/Inc/stm32l4xx_hal_dma.h"
 496              		.file 9 "Drivers/STM32L4xx_HAL_Driver/Inc/stm32l4xx_hal_spi.h"
 497              		.file 10 "Drivers/STM32L4xx_HAL_Driver/Inc/stm32l4xx_hal_uart.h"
 498              		.file 11 "Drivers/STM32L4xx_HAL_Driver/Inc/stm32l4xx_hal_cortex.h"
 499              		.file 12 "Core/Inc/main.h"
 500              		.file 13 "<built-in>"
ARM GAS  C:\Users\Jakob\AppData\Local\Temp\ccqkL5Z2.s 			page 15


DEFINED SYMBOLS
                            *ABS*:00000000 stm32l4xx_hal_msp.c
C:\Users\Jakob\AppData\Local\Temp\ccqkL5Z2.s:21     .text.HAL_MspInit:00000000 $t
C:\Users\Jakob\AppData\Local\Temp\ccqkL5Z2.s:27     .text.HAL_MspInit:00000000 HAL_MspInit
C:\Users\Jakob\AppData\Local\Temp\ccqkL5Z2.s:86     .text.HAL_MspInit:0000003c $d
C:\Users\Jakob\AppData\Local\Temp\ccqkL5Z2.s:91     .text.HAL_SPI_MspInit:00000000 $t
C:\Users\Jakob\AppData\Local\Temp\ccqkL5Z2.s:97     .text.HAL_SPI_MspInit:00000000 HAL_SPI_MspInit
C:\Users\Jakob\AppData\Local\Temp\ccqkL5Z2.s:200    .text.HAL_SPI_MspInit:00000060 $d
C:\Users\Jakob\AppData\Local\Temp\ccqkL5Z2.s:206    .text.HAL_SPI_MspDeInit:00000000 $t
C:\Users\Jakob\AppData\Local\Temp\ccqkL5Z2.s:212    .text.HAL_SPI_MspDeInit:00000000 HAL_SPI_MspDeInit
C:\Users\Jakob\AppData\Local\Temp\ccqkL5Z2.s:255    .text.HAL_SPI_MspDeInit:00000020 $d
C:\Users\Jakob\AppData\Local\Temp\ccqkL5Z2.s:262    .text.HAL_UART_MspInit:00000000 $t
C:\Users\Jakob\AppData\Local\Temp\ccqkL5Z2.s:268    .text.HAL_UART_MspInit:00000000 HAL_UART_MspInit
C:\Users\Jakob\AppData\Local\Temp\ccqkL5Z2.s:427    .text.HAL_UART_MspInit:00000098 $d
C:\Users\Jakob\AppData\Local\Temp\ccqkL5Z2.s:433    .text.HAL_UART_MspDeInit:00000000 $t
C:\Users\Jakob\AppData\Local\Temp\ccqkL5Z2.s:439    .text.HAL_UART_MspDeInit:00000000 HAL_UART_MspDeInit
C:\Users\Jakob\AppData\Local\Temp\ccqkL5Z2.s:482    .text.HAL_UART_MspDeInit:00000024 $d

UNDEFINED SYMBOLS
HAL_NVIC_SetPriority
HAL_GPIO_Init
HAL_GPIO_DeInit
memset
HAL_RCCEx_PeriphCLKConfig
Error_Handler
